Installation started at Sat Mar 21 11:55:44 AM PDT 2026
Installation directory: /home/hunter/workspace/dunkingbird
[0;34mℹ Updating package lists...[0m

WARNING: apt does not have a stable CLI interface. Use with caution in scripts.

Hit:1 https://dl.google.com/linux/chrome/deb stable InRelease
Hit:2 https://repo.radeon.com/amdgpu/30.20.1/ubuntu noble InRelease
Hit:3 http://security.ubuntu.com/ubuntu noble-security InRelease
Hit:4 https://repo.radeon.com/rocm/apt/7.1.1 noble InRelease
Hit:5 http://archive.ubuntu.com/ubuntu noble InRelease
Get:6 http://archive.neon.kde.org/user noble InRelease [200 kB]
Hit:7 https://repo.radeon.com/graphics/7.1.1/ubuntu noble InRelease
Hit:8 http://archive.ubuntu.com/ubuntu noble-updates InRelease
Hit:9 https://packages.mozilla.org/apt mozilla InRelease
Updating KDE neon APT pins... Done
Fetched 200 kB in 1s (181 kB/s)
Reading package lists...
Building dependency tree...
Reading state information...
563 packages can be upgraded. Run 'apt list --upgradable' to see them.
[0;32m✓ Package lists updated[0m
[0;34mℹ Installing system dependencies...[0m
[0;34mℹ Installing missing packages: python3-tk[0m

WARNING: apt does not have a stable CLI interface. Use with caution in scripts.

Reading package lists...
Building dependency tree...
Reading state information...
Starting pkgProblemResolver with broken count: 0
Starting 2 pkgProblemResolver with broken count: 0
Done
python3-tk is already the newest version (3.12.3-0ubuntu1).
The following packages were automatically installed and are no longer required:
  libpyside6-py3-6.9 libshiboken6-py3-6.9 qml6-module-qtwebengine
Use 'sudo apt autoremove' to remove them.
0 upgraded, 0 newly installed, 0 to remove and 563 not upgraded.
[0;32m✓ System dependencies installed[0m
[0;34mℹ Setting up Python dependencies...[0m
[0;34mℹ Installing Python packages system-wide...[0m
error: externally-managed-environment

× This environment is externally managed
╰─> To install Python packages system-wide, try apt install
    python3-xyz, where xyz is the package you are trying to
    install.
    
    If you wish to install a non-Debian-packaged Python package,
    create a virtual environment using python3 -m venv path/to/venv.
    Then use path/to/venv/bin/python and path/to/venv/bin/pip. Make
    sure you have python3-full installed.
    
    If you wish to install a non-Debian packaged Python application,
    it may be easiest to use pipx install xyz, which will manage a
    virtual environment for you. Make sure you have pipx installed.
    
    See /usr/share/doc/python3.12/README.venv for more information.

note: If you believe this is a mistake, please contact your Python installation or OS distribution provider. You can override this, at the risk of breaking your Python installation or OS, by passing --break-system-packages.
hint: See PEP 668 for the detailed specification.
[1;33m⚠ Failed to install pynput for user[0m
[0;32m✓ Python dependencies configured[0m
[0;34mℹ Checking ydotool configuration...[0m
[0;32m✓ ydotool daemon already running[0m
[1;33m⚠ ydotool socket not writable by current user[0m
[0;34mℹ Attempting to fix socket permissions...[0m
[0;34mℹ Testing basic functionality...[0m
[0;32m✓ Python imports working[0m
ydotool: notice: Using ydotoold backend
Delay was set to 100 milliseconds.
[0;32m✓ ydotool basic test passed[0m
[0;34mℹ Creating launcher script...[0m
[0;32m✓ Launcher script created at /home/hunter/workspace/dunkingbird/run_dunking_bird.sh[0m

[0;32m===========================================[0m
[0;32m  Installation Complete![0m
[0;32m===========================================[0m

[0;34mℹ To run Dunking Bird:[0m
[0;34mℹ   Method 1: /home/hunter/workspace/dunkingbird/run_dunking_bird.sh[0m
[0;34mℹ   Method 2: cd /home/hunter/workspace/dunkingbird && python3 dunking_bird.py[0m


[0;34mℹ If you encounter permission issues:[0m
[0;34mℹ   1. You may need to log out and back in (if added to input group)[0m
[0;34mℹ   2. Try running: sudo chmod 666 /tmp/.ydotool_socket[0m
[0;34mℹ   3. Ensure ydotool daemon is running: sudo ydotoold &[0m

[0;32m✓ Installation complete! Check /home/hunter/workspace/dunkingbird/install.log for details.[0m
